<?xml version="1.0"?>
<!DOCTYPE coverage SYSTEM "http://cobertura.sourceforge.net/xml/coverage-04.dtd">
<coverage line-rate="0.8828125000000000" branch-rate="0.7676056338028169" lines-covered="678" lines-valid="768" branches-covered="436" branches-valid="568" complexity="0.0" timestamp="1661393209" version="Slather 2.7.2">
  <sources>
    <source>/Users/Victor/Documents/Projects/Shipped-suite-sdk-ios</source>
  </sources>
  <packages>
    <package name="ShippedSuite.Classes" line-rate="0.8828125000000000" branch-rate="0.7676056338028169" complexity="0.0">
      <classes>
        <class name="SSLearnMoreViewController.m" filename="ShippedSuite/Classes/SSLearnMoreViewController.m" line-rate="0.9337349397590361" branch-rate="0.7977528089887640" complexity="0.0">
          <methods/>
          <lines>
            <line number="27" branch="true" hits="2" condition-coverage="100% (1/1)">
              <conditions>
                <condition number="0" type="jump" coverage="100%"/>
              </conditions>
            </line>
            <line number="28" branch="true" hits="2" condition-coverage="100% (3/3)">
              <conditions>
                <condition number="0" type="jump" coverage="100%"/>
              </conditions>
            </line>
            <line number="29" branch="false" hits="2"/>
            <line number="30" branch="true" hits="2" condition-coverage="100% (1/1)">
              <conditions>
                <condition number="0" type="jump" coverage="100%"/>
              </conditions>
            </line>
            <line number="31" branch="false" hits="2"/>
            <line number="32" branch="false" hits="2"/>
            <line number="35" branch="true" hits="2" condition-coverage="100% (1/1)">
              <conditions>
                <condition number="0" type="jump" coverage="100%"/>
              </conditions>
            </line>
            <line number="36" branch="false" hits="2"/>
            <line number="38" branch="false" hits="2"/>
            <line number="39" branch="false" hits="2"/>
            <line number="40" branch="false" hits="2"/>
            <line number="42" branch="false" hits="2"/>
            <line number="44" branch="false" hits="2"/>
            <line number="45" branch="false" hits="2"/>
            <line number="46" branch="false" hits="2"/>
            <line number="47" branch="false" hits="2"/>
            <line number="49" branch="false" hits="2"/>
            <line number="50" branch="false" hits="2"/>
            <line number="51" branch="false" hits="2"/>
            <line number="53" branch="false" hits="2"/>
            <line number="54" branch="false" hits="2"/>
            <line number="55" branch="false" hits="2"/>
            <line number="56" branch="false" hits="2"/>
            <line number="58" branch="false" hits="2"/>
            <line number="59" branch="false" hits="2"/>
            <line number="60" branch="false" hits="2"/>
            <line number="61" branch="false" hits="2"/>
            <line number="62" branch="false" hits="2"/>
            <line number="63" branch="false" hits="2"/>
            <line number="64" branch="false" hits="2"/>
            <line number="65" branch="false" hits="2"/>
            <line number="67" branch="false" hits="2"/>
            <line number="68" branch="false" hits="2"/>
            <line number="69" branch="false" hits="2"/>
            <line number="70" branch="false" hits="2"/>
            <line number="71" branch="false" hits="2"/>
            <line number="72" branch="false" hits="2"/>
            <line number="73" branch="false" hits="2"/>
            <line number="74" branch="false" hits="2"/>
            <line number="76" branch="false" hits="2"/>
            <line number="77" branch="false" hits="2"/>
            <line number="78" branch="false" hits="2"/>
            <line number="80" branch="false" hits="2"/>
            <line number="81" branch="false" hits="2"/>
            <line number="82" branch="false" hits="2"/>
            <line number="84" branch="false" hits="2"/>
            <line number="85" branch="false" hits="2"/>
            <line number="86" branch="false" hits="2"/>
            <line number="88" branch="false" hits="2"/>
            <line number="90" branch="true" hits="2" condition-coverage="71% (5/7)">
              <conditions>
                <condition number="0" type="jump" coverage="71%"/>
              </conditions>
            </line>
            <line number="91" branch="false" hits="2"/>
            <line number="92" branch="false" hits="2"/>
            <line number="93" branch="false" hits="2"/>
            <line number="95" branch="false" hits="2"/>
            <line number="96" branch="false" hits="2"/>
            <line number="97" branch="false" hits="2"/>
            <line number="99" branch="false" hits="2"/>
            <line number="100" branch="false" hits="2"/>
            <line number="102" branch="false" hits="2"/>
            <line number="103" branch="false" hits="2"/>
            <line number="104" branch="false" hits="2"/>
            <line number="106" branch="false" hits="2"/>
            <line number="107" branch="false" hits="2"/>
            <line number="109" branch="false" hits="2"/>
            <line number="110" branch="false" hits="2"/>
            <line number="111" branch="false" hits="2"/>
            <line number="112" branch="false" hits="2"/>
            <line number="113" branch="false" hits="2"/>
            <line number="114" branch="false" hits="2"/>
            <line number="115" branch="false" hits="2"/>
            <line number="116" branch="false" hits="2"/>
            <line number="119" branch="true" hits="2" condition-coverage="100% (1/1)">
              <conditions>
                <condition number="0" type="jump" coverage="100%"/>
              </conditions>
            </line>
            <line number="120" branch="true" hits="2" condition-coverage="0% (0/1)">
              <conditions>
                <condition number="0" type="jump" coverage="0%"/>
              </conditions>
            </line>
            <line number="121" branch="true" hits="1" condition-coverage="100% (1/1)">
              <conditions>
                <condition number="0" type="jump" coverage="100%"/>
              </conditions>
            </line>
            <line number="122" branch="true" hits="1" condition-coverage="0% (0/1)">
              <conditions>
                <condition number="0" type="jump" coverage="0%"/>
              </conditions>
            </line>
            <line number="123" branch="true" hits="0" condition-coverage="0% (0/1)">
              <conditions>
                <condition number="0" type="jump" coverage="0%"/>
              </conditions>
            </line>
            <line number="124" branch="true" hits="0" condition-coverage="0% (0/1)">
              <conditions>
                <condition number="0" type="jump" coverage="0%"/>
              </conditions>
            </line>
            <line number="125" branch="true" hits="1" condition-coverage="100% (1/1)">
              <conditions>
                <condition number="0" type="jump" coverage="100%"/>
              </conditions>
            </line>
            <line number="126" branch="true" hits="1" condition-coverage="100% (1/1)">
              <conditions>
                <condition number="0" type="jump" coverage="100%"/>
              </conditions>
            </line>
            <line number="127" branch="false" hits="2"/>
            <line number="128" branch="false" hits="2"/>
            <line number="131" branch="true" hits="2" condition-coverage="100% (1/1)">
              <conditions>
                <condition number="0" type="jump" coverage="100%"/>
              </conditions>
            </line>
            <line number="132" branch="true" hits="2" condition-coverage="0% (0/1)">
              <conditions>
                <condition number="0" type="jump" coverage="0%"/>
              </conditions>
            </line>
            <line number="133" branch="true" hits="1" condition-coverage="100% (1/1)">
              <conditions>
                <condition number="0" type="jump" coverage="100%"/>
              </conditions>
            </line>
            <line number="134" branch="true" hits="1" condition-coverage="0% (0/1)">
              <conditions>
                <condition number="0" type="jump" coverage="0%"/>
              </conditions>
            </line>
            <line number="135" branch="true" hits="0" condition-coverage="0% (0/1)">
              <conditions>
                <condition number="0" type="jump" coverage="0%"/>
              </conditions>
            </line>
            <line number="136" branch="true" hits="0" condition-coverage="0% (0/1)">
              <conditions>
                <condition number="0" type="jump" coverage="0%"/>
              </conditions>
            </line>
            <line number="137" branch="true" hits="1" condition-coverage="100% (1/1)">
              <conditions>
                <condition number="0" type="jump" coverage="100%"/>
              </conditions>
            </line>
            <line number="138" branch="true" hits="1" condition-coverage="100% (1/1)">
              <conditions>
                <condition number="0" type="jump" coverage="100%"/>
              </conditions>
            </line>
            <line number="139" branch="false" hits="2"/>
            <line number="140" branch="false" hits="2"/>
            <line number="143" branch="true" hits="2" condition-coverage="100% (1/1)">
              <conditions>
                <condition number="0" type="jump" coverage="100%"/>
              </conditions>
            </line>
            <line number="144" branch="true" hits="2" condition-coverage="0% (0/1)">
              <conditions>
                <condition number="0" type="jump" coverage="0%"/>
              </conditions>
            </line>
            <line number="145" branch="true" hits="1" condition-coverage="100% (1/1)">
              <conditions>
                <condition number="0" type="jump" coverage="100%"/>
              </conditions>
            </line>
            <line number="146" branch="true" hits="1" condition-coverage="0% (0/1)">
              <conditions>
                <condition number="0" type="jump" coverage="0%"/>
              </conditions>
            </line>
            <line number="147" branch="true" hits="0" condition-coverage="0% (0/1)">
              <conditions>
                <condition number="0" type="jump" coverage="0%"/>
              </conditions>
            </line>
            <line number="148" branch="true" hits="0" condition-coverage="0% (0/1)">
              <conditions>
                <condition number="0" type="jump" coverage="0%"/>
              </conditions>
            </line>
            <line number="149" branch="true" hits="1" condition-coverage="100% (1/1)">
              <conditions>
                <condition number="0" type="jump" coverage="100%"/>
              </conditions>
            </line>
            <line number="150" branch="true" hits="1" condition-coverage="100% (1/1)">
              <conditions>
                <condition number="0" type="jump" coverage="100%"/>
              </conditions>
            </line>
            <line number="151" branch="false" hits="2"/>
            <line number="152" branch="false" hits="2"/>
            <line number="155" branch="true" hits="2" condition-coverage="100% (1/1)">
              <conditions>
                <condition number="0" type="jump" coverage="100%"/>
              </conditions>
            </line>
            <line number="156" branch="true" hits="2" condition-coverage="0% (0/1)">
              <conditions>
                <condition number="0" type="jump" coverage="0%"/>
              </conditions>
            </line>
            <line number="157" branch="true" hits="1" condition-coverage="100% (1/1)">
              <conditions>
                <condition number="0" type="jump" coverage="100%"/>
              </conditions>
            </line>
            <line number="158" branch="true" hits="1" condition-coverage="0% (0/1)">
              <conditions>
                <condition number="0" type="jump" coverage="0%"/>
              </conditions>
            </line>
            <line number="159" branch="true" hits="1" condition-coverage="100% (1/1)">
              <conditions>
                <condition number="0" type="jump" coverage="100%"/>
              </conditions>
            </line>
            <line number="160" branch="true" hits="1" condition-coverage="100% (1/1)">
              <conditions>
                <condition number="0" type="jump" coverage="100%"/>
              </conditions>
            </line>
            <line number="161" branch="false" hits="2"/>
            <line number="162" branch="false" hits="2"/>
            <line number="165" branch="true" hits="2" condition-coverage="100% (1/1)">
              <conditions>
                <condition number="0" type="jump" coverage="100%"/>
              </conditions>
            </line>
            <line number="166" branch="true" hits="2" condition-coverage="0% (0/1)">
              <conditions>
                <condition number="0" type="jump" coverage="0%"/>
              </conditions>
            </line>
            <line number="167" branch="true" hits="1" condition-coverage="100% (1/1)">
              <conditions>
                <condition number="0" type="jump" coverage="100%"/>
              </conditions>
            </line>
            <line number="168" branch="true" hits="1" condition-coverage="0% (0/1)">
              <conditions>
                <condition number="0" type="jump" coverage="0%"/>
              </conditions>
            </line>
            <line number="169" branch="true" hits="1" condition-coverage="100% (1/1)">
              <conditions>
                <condition number="0" type="jump" coverage="100%"/>
              </conditions>
            </line>
            <line number="170" branch="true" hits="1" condition-coverage="100% (1/1)">
              <conditions>
                <condition number="0" type="jump" coverage="100%"/>
              </conditions>
            </line>
            <line number="171" branch="false" hits="2"/>
            <line number="172" branch="false" hits="2"/>
            <line number="175" branch="true" hits="2" condition-coverage="100% (1/1)">
              <conditions>
                <condition number="0" type="jump" coverage="100%"/>
              </conditions>
            </line>
            <line number="176" branch="true" hits="2" condition-coverage="0% (0/1)">
              <conditions>
                <condition number="0" type="jump" coverage="0%"/>
              </conditions>
            </line>
            <line number="177" branch="true" hits="1" condition-coverage="100% (1/1)">
              <conditions>
                <condition number="0" type="jump" coverage="100%"/>
              </conditions>
            </line>
            <line number="178" branch="true" hits="1" condition-coverage="0% (0/1)">
              <conditions>
                <condition number="0" type="jump" coverage="0%"/>
              </conditions>
            </line>
            <line number="179" branch="true" hits="1" condition-coverage="100% (1/1)">
              <conditions>
                <condition number="0" type="jump" coverage="100%"/>
              </conditions>
            </line>
            <line number="180" branch="true" hits="1" condition-coverage="100% (1/1)">
              <conditions>
                <condition number="0" type="jump" coverage="100%"/>
              </conditions>
            </line>
            <line number="181" branch="false" hits="2"/>
            <line number="182" branch="false" hits="2"/>
            <line number="185" branch="true" hits="2" condition-coverage="100% (1/1)">
              <conditions>
                <condition number="0" type="jump" coverage="100%"/>
              </conditions>
            </line>
            <line number="186" branch="true" hits="2" condition-coverage="0% (0/1)">
              <conditions>
                <condition number="0" type="jump" coverage="0%"/>
              </conditions>
            </line>
            <line number="187" branch="true" hits="1" condition-coverage="100% (1/1)">
              <conditions>
                <condition number="0" type="jump" coverage="100%"/>
              </conditions>
            </line>
            <line number="188" branch="true" hits="1" condition-coverage="0% (0/1)">
              <conditions>
                <condition number="0" type="jump" coverage="0%"/>
              </conditions>
            </line>
            <line number="189" branch="true" hits="1" condition-coverage="100% (1/1)">
              <conditions>
                <condition number="0" type="jump" coverage="100%"/>
              </conditions>
            </line>
            <line number="190" branch="true" hits="1" condition-coverage="0% (0/1)">
              <conditions>
                <condition number="0" type="jump" coverage="0%"/>
              </conditions>
            </line>
            <line number="191" branch="true" hits="0" condition-coverage="0% (0/1)">
              <conditions>
                <condition number="0" type="jump" coverage="0%"/>
              </conditions>
            </line>
            <line number="192" branch="true" hits="0" condition-coverage="100% (1/1)">
              <conditions>
                <condition number="0" type="jump" coverage="100%"/>
              </conditions>
            </line>
            <line number="193" branch="false" hits="2"/>
            <line number="194" branch="false" hits="2"/>
            <line number="197" branch="true" hits="2" condition-coverage="100% (1/1)">
              <conditions>
                <condition number="0" type="jump" coverage="100%"/>
              </conditions>
            </line>
            <line number="198" branch="false" hits="2"/>
            <line number="200" branch="false" hits="2"/>
            <line number="201" branch="false" hits="2"/>
            <line number="202" branch="false" hits="2"/>
            <line number="203" branch="false" hits="2"/>
            <line number="204" branch="false" hits="2"/>
            <line number="205" branch="false" hits="2"/>
            <line number="207" branch="false" hits="2"/>
            <line number="208" branch="false" hits="2"/>
            <line number="210" branch="false" hits="2"/>
            <line number="211" branch="false" hits="2"/>
            <line number="214" branch="true" hits="6" condition-coverage="100% (1/1)">
              <conditions>
                <condition number="0" type="jump" coverage="100%"/>
              </conditions>
            </line>
            <line number="215" branch="false" hits="6"/>
            <line number="217" branch="false" hits="6"/>
            <line number="218" branch="false" hits="6"/>
            <line number="219" branch="false" hits="6"/>
            <line number="220" branch="false" hits="6"/>
            <line number="221" branch="false" hits="6"/>
            <line number="222" branch="false" hits="6"/>
            <line number="223" branch="false" hits="6"/>
            <line number="225" branch="false" hits="6"/>
            <line number="226" branch="false" hits="6"/>
            <line number="227" branch="false" hits="6"/>
            <line number="228" branch="false" hits="6"/>
            <line number="229" branch="false" hits="6"/>
            <line number="230" branch="false" hits="6"/>
            <line number="231" branch="false" hits="6"/>
            <line number="233" branch="false" hits="6"/>
            <line number="235" branch="false" hits="6"/>
            <line number="237" branch="false" hits="6"/>
            <line number="239" branch="false" hits="6"/>
            <line number="240" branch="false" hits="6"/>
            <line number="243" branch="true" hits="2" condition-coverage="100% (1/1)">
              <conditions>
                <condition number="0" type="jump" coverage="100%"/>
              </conditions>
            </line>
            <line number="244" branch="false" hits="2"/>
            <line number="245" branch="false" hits="2"/>
            <line number="246" branch="false" hits="2"/>
            <line number="247" branch="false" hits="2"/>
            <line number="248" branch="false" hits="2"/>
            <line number="250" branch="true" hits="2" condition-coverage="100% (4/4)">
              <conditions>
                <condition number="0" type="jump" coverage="100%"/>
              </conditions>
            </line>
            <line number="251" branch="false" hits="1"/>
            <line number="252" branch="false" hits="1"/>
            <line number="253" branch="false" hits="1"/>
            <line number="254" branch="true" hits="1" condition-coverage="100% (1/1)">
              <conditions>
                <condition number="0" type="jump" coverage="100%"/>
              </conditions>
            </line>
            <line number="256" branch="false" hits="2"/>
            <line number="257" branch="false" hits="2"/>
            <line number="260" branch="true" hits="2" condition-coverage="100% (1/1)">
              <conditions>
                <condition number="0" type="jump" coverage="100%"/>
              </conditions>
            </line>
            <line number="261" branch="false" hits="2"/>
            <line number="263" branch="false" hits="2"/>
            <line number="264" branch="false" hits="2"/>
            <line number="265" branch="false" hits="2"/>
            <line number="267" branch="false" hits="2"/>
            <line number="268" branch="false" hits="2"/>
            <line number="269" branch="false" hits="2"/>
            <line number="271" branch="false" hits="2"/>
            <line number="272" branch="false" hits="2"/>
            <line number="273" branch="false" hits="2"/>
            <line number="275" branch="false" hits="2"/>
            <line number="277" branch="false" hits="2"/>
            <line number="278" branch="false" hits="2"/>
            <line number="280" branch="false" hits="2"/>
            <line number="281" branch="false" hits="2"/>
            <line number="283" branch="false" hits="2"/>
            <line number="284" branch="false" hits="2"/>
            <line number="287" branch="true" hits="8" condition-coverage="100% (1/1)">
              <conditions>
                <condition number="0" type="jump" coverage="100%"/>
              </conditions>
            </line>
            <line number="288" branch="false" hits="8"/>
            <line number="289" branch="false" hits="8"/>
            <line number="290" branch="false" hits="8"/>
            <line number="291" branch="false" hits="8"/>
            <line number="292" branch="true" hits="8" condition-coverage="100% (4/4)">
              <conditions>
                <condition number="0" type="jump" coverage="100%"/>
              </conditions>
            </line>
            <line number="293" branch="false" hits="6"/>
            <line number="294" branch="true" hits="6" condition-coverage="100% (1/1)">
              <conditions>
                <condition number="0" type="jump" coverage="100%"/>
              </conditions>
            </line>
            <line number="295" branch="false" hits="8"/>
            <line number="296" branch="false" hits="8"/>
            <line number="299" branch="true" hits="4" condition-coverage="100% (1/1)">
              <conditions>
                <condition number="0" type="jump" coverage="100%"/>
              </conditions>
            </line>
            <line number="300" branch="false" hits="4"/>
            <line number="301" branch="false" hits="4"/>
            <line number="302" branch="false" hits="4"/>
            <line number="303" branch="false" hits="4"/>
            <line number="304" branch="false" hits="4"/>
            <line number="305" branch="false" hits="4"/>
            <line number="306" branch="false" hits="4"/>
            <line number="309" branch="true" hits="2" condition-coverage="100% (1/1)">
              <conditions>
                <condition number="0" type="jump" coverage="100%"/>
              </conditions>
            </line>
            <line number="310" branch="false" hits="2"/>
            <line number="311" branch="false" hits="2"/>
            <line number="312" branch="false" hits="2"/>
            <line number="313" branch="false" hits="2"/>
            <line number="315" branch="true" hits="2" condition-coverage="100% (4/4)">
              <conditions>
                <condition number="0" type="jump" coverage="100%"/>
              </conditions>
            </line>
            <line number="316" branch="false" hits="1"/>
            <line number="317" branch="false" hits="1"/>
            <line number="318" branch="true" hits="1" condition-coverage="100% (2/2)">
              <conditions>
                <condition number="0" type="jump" coverage="100%"/>
              </conditions>
            </line>
            <line number="319" branch="false" hits="1"/>
            <line number="320" branch="false" hits="1"/>
            <line number="321" branch="true" hits="1" condition-coverage="100% (1/1)">
              <conditions>
                <condition number="0" type="jump" coverage="100%"/>
              </conditions>
            </line>
            <line number="323" branch="false" hits="2"/>
            <line number="324" branch="false" hits="2"/>
            <line number="326" branch="false" hits="2"/>
            <line number="327" branch="false" hits="2"/>
            <line number="329" branch="false" hits="2"/>
            <line number="330" branch="false" hits="2"/>
            <line number="332" branch="false" hits="2"/>
            <line number="333" branch="false" hits="2"/>
            <line number="335" branch="false" hits="2"/>
            <line number="336" branch="false" hits="2"/>
            <line number="337" branch="false" hits="2"/>
            <line number="338" branch="false" hits="2"/>
            <line number="340" branch="false" hits="2"/>
            <line number="342" branch="false" hits="2"/>
            <line number="343" branch="false" hits="2"/>
            <line number="345" branch="false" hits="2"/>
            <line number="346" branch="false" hits="2"/>
            <line number="349" branch="true" hits="2" condition-coverage="100% (1/1)">
              <conditions>
                <condition number="0" type="jump" coverage="100%"/>
              </conditions>
            </line>
            <line number="350" branch="false" hits="2"/>
            <line number="351" branch="true" hits="2" condition-coverage="50% (2/4)">
              <conditions>
                <condition number="0" type="jump" coverage="50%"/>
              </conditions>
            </line>
            <line number="352" branch="false" hits="0"/>
            <line number="353" branch="true" hits="0" condition-coverage="100% (1/1)">
              <conditions>
                <condition number="0" type="jump" coverage="100%"/>
              </conditions>
            </line>
            <line number="355" branch="false" hits="2"/>
            <line number="356" branch="false" hits="2"/>
            <line number="357" branch="false" hits="2"/>
            <line number="359" branch="false" hits="2"/>
            <line number="360" branch="false" hits="2"/>
            <line number="361" branch="false" hits="2"/>
            <line number="362" branch="false" hits="2"/>
            <line number="364" branch="false" hits="2"/>
            <line number="365" branch="false" hits="2"/>
            <line number="366" branch="false" hits="2"/>
            <line number="367" branch="false" hits="2"/>
            <line number="368" branch="false" hits="2"/>
            <line number="369" branch="false" hits="2"/>
            <line number="371" branch="false" hits="2"/>
            <line number="372" branch="false" hits="2"/>
            <line number="373" branch="false" hits="2"/>
            <line number="374" branch="false" hits="2"/>
            <line number="375" branch="false" hits="2"/>
            <line number="376" branch="false" hits="2"/>
            <line number="377" branch="false" hits="2"/>
            <line number="378" branch="false" hits="2"/>
            <line number="379" branch="false" hits="2"/>
            <line number="380" branch="false" hits="2"/>
            <line number="381" branch="false" hits="2"/>
            <line number="383" branch="false" hits="2"/>
            <line number="384" branch="false" hits="2"/>
            <line number="385" branch="false" hits="2"/>
            <line number="386" branch="false" hits="2"/>
            <line number="388" branch="false" hits="2"/>
            <line number="389" branch="false" hits="2"/>
            <line number="391" branch="false" hits="2"/>
            <line number="392" branch="false" hits="2"/>
            <line number="393" branch="false" hits="2"/>
            <line number="394" branch="false" hits="2"/>
            <line number="395" branch="false" hits="2"/>
            <line number="396" branch="false" hits="2"/>
            <line number="397" branch="false" hits="2"/>
            <line number="398" branch="false" hits="2"/>
            <line number="399" branch="false" hits="2"/>
            <line number="400" branch="false" hits="2"/>
            <line number="402" branch="false" hits="2"/>
            <line number="404" branch="true" hits="2" condition-coverage="71% (5/7)">
              <conditions>
                <condition number="0" type="jump" coverage="71%"/>
              </conditions>
            </line>
            <line number="405" branch="false" hits="2"/>
            <line number="406" branch="true" hits="2" condition-coverage="71% (5/7)">
              <conditions>
                <condition number="0" type="jump" coverage="71%"/>
              </conditions>
            </line>
            <line number="407" branch="true" hits="2" condition-coverage="71% (5/7)">
              <conditions>
                <condition number="0" type="jump" coverage="71%"/>
              </conditions>
            </line>
            <line number="408" branch="false" hits="2"/>
            <line number="410" branch="false" hits="2"/>
            <line number="411" branch="false" hits="2"/>
            <line number="413" branch="false" hits="2"/>
            <line number="414" branch="false" hits="2"/>
            <line number="415" branch="false" hits="2"/>
            <line number="416" branch="false" hits="2"/>
            <line number="417" branch="false" hits="2"/>
            <line number="419" branch="false" hits="2"/>
            <line number="420" branch="false" hits="2"/>
            <line number="423" branch="true" hits="1" condition-coverage="100% (1/1)">
              <conditions>
                <condition number="0" type="jump" coverage="100%"/>
              </conditions>
            </line>
            <line number="424" branch="false" hits="1"/>
            <line number="425" branch="false" hits="1"/>
            <line number="426" branch="false" hits="1"/>
            <line number="427" branch="false" hits="1"/>
            <line number="430" branch="true" hits="0" condition-coverage="0% (0/1)">
              <conditions>
                <condition number="0" type="jump" coverage="0%"/>
              </conditions>
            </line>
            <line number="431" branch="false" hits="0"/>
            <line number="432" branch="false" hits="0"/>
            <line number="435" branch="true" hits="0" condition-coverage="0% (0/1)">
              <conditions>
                <condition number="0" type="jump" coverage="0%"/>
              </conditions>
            </line>
            <line number="436" branch="false" hits="0"/>
            <line number="437" branch="false" hits="0"/>
            <line number="440" branch="true" hits="0" condition-coverage="0% (0/1)">
              <conditions>
                <condition number="0" type="jump" coverage="0%"/>
              </conditions>
            </line>
            <line number="441" branch="false" hits="0"/>
            <line number="442" branch="false" hits="0"/>
            <line number="445" branch="true" hits="0" condition-coverage="0% (0/1)">
              <conditions>
                <condition number="0" type="jump" coverage="0%"/>
              </conditions>
            </line>
            <line number="446" branch="false" hits="0"/>
            <line number="447" branch="false" hits="0"/>
            <line number="450" branch="true" hits="1" condition-coverage="100% (1/1)">
              <conditions>
                <condition number="0" type="jump" coverage="100%"/>
              </conditions>
            </line>
            <line number="451" branch="false" hits="1"/>
            <line number="452" branch="false" hits="1"/>
            <line number="455" branch="true" hits="2" condition-coverage="100% (1/1)">
              <conditions>
                <condition number="0" type="jump" coverage="100%"/>
              </conditions>
            </line>
            <line number="456" branch="false" hits="2"/>
            <line number="457" branch="false" hits="2"/>
            <line number="460" branch="true" hits="2" condition-coverage="100% (1/1)">
              <conditions>
                <condition number="0" type="jump" coverage="100%"/>
              </conditions>
            </line>
            <line number="461" branch="false" hits="2"/>
            <line number="462" branch="false" hits="2"/>
          </lines>
        </class>
        <class name="SSLogger.m" filename="ShippedSuite/Classes/SSLogger.m" line-rate="1.0000000000000000" branch-rate="1.0000000000000000" complexity="0.0">
          <methods/>
          <lines>
            <line number="13" branch="true" hits="6" condition-coverage="100% (1/1)">
              <conditions>
                <condition number="0" type="jump" coverage="100%"/>
              </conditions>
            </line>
            <line number="14" branch="false" hits="6"/>
            <line number="15" branch="false" hits="6"/>
            <line number="16" branch="true" hits="6" condition-coverage="100% (1/1)">
              <conditions>
                <condition number="0" type="jump" coverage="100%"/>
              </conditions>
            </line>
            <line number="17" branch="false" hits="1"/>
            <line number="18" branch="true" hits="1" condition-coverage="100% (1/1)">
              <conditions>
                <condition number="0" type="jump" coverage="100%"/>
              </conditions>
            </line>
            <line number="19" branch="false" hits="6"/>
            <line number="20" branch="false" hits="6"/>
            <line number="23" branch="true" hits="3" condition-coverage="100% (1/1)">
              <conditions>
                <condition number="0" type="jump" coverage="100%"/>
              </conditions>
            </line>
            <line number="24" branch="false" hits="3"/>
            <line number="25" branch="false" hits="3"/>
            <line number="26" branch="false" hits="3"/>
            <line number="27" branch="false" hits="3"/>
            <line number="30" branch="true" hits="2" condition-coverage="100% (1/1)">
              <conditions>
                <condition number="0" type="jump" coverage="100%"/>
              </conditions>
            </line>
            <line number="31" branch="false" hits="2"/>
            <line number="32" branch="false" hits="2"/>
            <line number="35" branch="true" hits="2" condition-coverage="100% (1/1)">
              <conditions>
                <condition number="0" type="jump" coverage="100%"/>
              </conditions>
            </line>
            <line number="36" branch="true" hits="2" condition-coverage="100% (3/3)">
              <conditions>
                <condition number="0" type="jump" coverage="100%"/>
              </conditions>
            </line>
            <line number="37" branch="false" hits="2"/>
            <line number="38" branch="true" hits="2" condition-coverage="100% (1/1)">
              <conditions>
                <condition number="0" type="jump" coverage="100%"/>
              </conditions>
            </line>
            <line number="39" branch="false" hits="2"/>
          </lines>
        </class>
        <class name="SSNetworking.m" filename="ShippedSuite/Classes/SSNetworking.m" line-rate="0.8846153846153846" branch-rate="0.8181818181818182" complexity="0.0">
          <methods/>
          <lines>
            <line number="34" branch="true" hits="12" condition-coverage="100% (1/1)">
              <conditions>
                <condition number="0" type="jump" coverage="100%"/>
              </conditions>
            </line>
            <line number="35" branch="false" hits="12"/>
            <line number="36" branch="false" hits="12"/>
            <line number="39" branch="true" hits="8" condition-coverage="100% (1/1)">
              <conditions>
                <condition number="0" type="jump" coverage="100%"/>
              </conditions>
            </line>
            <line number="40" branch="true" hits="8" condition-coverage="100% (4/4)">
              <conditions>
                <condition number="0" type="jump" coverage="100%"/>
              </conditions>
            </line>
            <line number="41" branch="false" hits="1"/>
            <line number="42" branch="true" hits="1" condition-coverage="100% (1/1)">
              <conditions>
                <condition number="0" type="jump" coverage="100%"/>
              </conditions>
            </line>
            <line number="44" branch="true" hits="7" condition-coverage="50% (1/2)">
              <conditions>
                <condition number="0" type="jump" coverage="50%"/>
              </conditions>
            </line>
            <line number="45" branch="true" hits="5" condition-coverage="100% (1/1)">
              <conditions>
                <condition number="0" type="jump" coverage="100%"/>
              </conditions>
            </line>
            <line number="46" branch="true" hits="5" condition-coverage="0% (0/1)">
              <conditions>
                <condition number="0" type="jump" coverage="0%"/>
              </conditions>
            </line>
            <line number="47" branch="true" hits="2" condition-coverage="100% (1/1)">
              <conditions>
                <condition number="0" type="jump" coverage="100%"/>
              </conditions>
            </line>
            <line number="48" branch="true" hits="2" condition-coverage="100% (1/1)">
              <conditions>
                <condition number="0" type="jump" coverage="100%"/>
              </conditions>
            </line>
            <line number="49" branch="false" hits="7"/>
            <line number="50" branch="false" hits="7"/>
            <line number="53" branch="true" hits="16" condition-coverage="100% (1/1)">
              <conditions>
                <condition number="0" type="jump" coverage="100%"/>
              </conditions>
            </line>
            <line number="54" branch="false" hits="16"/>
            <line number="55" branch="false" hits="16"/>
            <line number="58" branch="true" hits="2" condition-coverage="100% (1/1)">
              <conditions>
                <condition number="0" type="jump" coverage="100%"/>
              </conditions>
            </line>
            <line number="59" branch="false" hits="2"/>
            <line number="60" branch="false" hits="2"/>
            <line number="63" branch="true" hits="13" condition-coverage="100% (1/1)">
              <conditions>
                <condition number="0" type="jump" coverage="100%"/>
              </conditions>
            </line>
            <line number="64" branch="false" hits="13"/>
            <line number="65" branch="false" hits="13"/>
            <line number="72" branch="true" hits="1" condition-coverage="100% (1/1)">
              <conditions>
                <condition number="0" type="jump" coverage="100%"/>
              </conditions>
            </line>
            <line number="73" branch="false" hits="1"/>
            <line number="74" branch="false" hits="1"/>
            <line number="75" branch="false" hits="1"/>
            <line number="78" branch="true" hits="1" condition-coverage="100% (1/1)">
              <conditions>
                <condition number="0" type="jump" coverage="100%"/>
              </conditions>
            </line>
            <line number="79" branch="false" hits="1"/>
            <line number="80" branch="false" hits="1"/>
            <line number="83" branch="true" hits="6" condition-coverage="100% (1/1)">
              <conditions>
                <condition number="0" type="jump" coverage="100%"/>
              </conditions>
            </line>
            <line number="84" branch="false" hits="6"/>
            <line number="85" branch="false" hits="6"/>
            <line number="88" branch="true" hits="1" condition-coverage="100% (1/1)">
              <conditions>
                <condition number="0" type="jump" coverage="100%"/>
              </conditions>
            </line>
            <line number="89" branch="false" hits="1"/>
            <line number="90" branch="false" hits="1"/>
            <line number="93" branch="true" hits="6" condition-coverage="100% (1/1)">
              <conditions>
                <condition number="0" type="jump" coverage="100%"/>
              </conditions>
            </line>
            <line number="94" branch="false" hits="6"/>
            <line number="95" branch="false" hits="6"/>
            <line number="98" branch="true" hits="1" condition-coverage="100% (1/1)">
              <conditions>
                <condition number="0" type="jump" coverage="100%"/>
              </conditions>
            </line>
            <line number="99" branch="false" hits="1"/>
            <line number="100" branch="false" hits="1"/>
            <line number="101" branch="false" hits="1"/>
            <line number="108" branch="true" hits="1" condition-coverage="100% (1/1)">
              <conditions>
                <condition number="0" type="jump" coverage="100%"/>
              </conditions>
            </line>
            <line number="109" branch="false" hits="1"/>
            <line number="110" branch="false" hits="1"/>
            <line number="111" branch="false" hits="1"/>
            <line number="115" branch="true" hits="2" condition-coverage="100% (1/1)">
              <conditions>
                <condition number="0" type="jump" coverage="100%"/>
              </conditions>
            </line>
            <line number="116" branch="false" hits="2"/>
            <line number="117" branch="false" hits="2"/>
            <line number="118" branch="true" hits="2" condition-coverage="100% (4/4)">
              <conditions>
                <condition number="0" type="jump" coverage="100%"/>
              </conditions>
            </line>
            <line number="119" branch="false" hits="1"/>
            <line number="120" branch="true" hits="1" condition-coverage="100% (1/1)">
              <conditions>
                <condition number="0" type="jump" coverage="100%"/>
              </conditions>
            </line>
            <line number="121" branch="true" hits="1" condition-coverage="100% (1/1)">
              <conditions>
                <condition number="0" type="jump" coverage="100%"/>
              </conditions>
            </line>
            <line number="122" branch="true" hits="1" condition-coverage="100% (1/1)">
              <conditions>
                <condition number="0" type="jump" coverage="100%"/>
              </conditions>
            </line>
            <line number="123" branch="false" hits="2"/>
            <line number="130" branch="true" hits="1" condition-coverage="100% (1/1)">
              <conditions>
                <condition number="0" type="jump" coverage="100%"/>
              </conditions>
            </line>
            <line number="131" branch="true" hits="1" condition-coverage="100% (3/3)">
              <conditions>
                <condition number="0" type="jump" coverage="100%"/>
              </conditions>
            </line>
            <line number="132" branch="false" hits="1"/>
            <line number="133" branch="false" hits="1"/>
            <line number="134" branch="true" hits="1" condition-coverage="100% (1/1)">
              <conditions>
                <condition number="0" type="jump" coverage="100%"/>
              </conditions>
            </line>
            <line number="135" branch="false" hits="1"/>
            <line number="136" branch="false" hits="1"/>
            <line number="139" branch="true" hits="1" condition-coverage="100% (1/1)">
              <conditions>
                <condition number="0" type="jump" coverage="100%"/>
              </conditions>
            </line>
            <line number="140" branch="false" hits="1"/>
            <line number="141" branch="false" hits="1"/>
            <line number="142" branch="false" hits="1"/>
            <line number="143" branch="false" hits="1"/>
            <line number="150" branch="true" hits="5" condition-coverage="100% (1/1)">
              <conditions>
                <condition number="0" type="jump" coverage="100%"/>
              </conditions>
            </line>
            <line number="151" branch="false" hits="5"/>
            <line number="152" branch="false" hits="5"/>
            <line number="153" branch="true" hits="5" condition-coverage="100% (1/1)">
              <conditions>
                <condition number="0" type="jump" coverage="100%"/>
              </conditions>
            </line>
            <line number="154" branch="false" hits="2"/>
            <line number="155" branch="true" hits="2" condition-coverage="100% (1/1)">
              <conditions>
                <condition number="0" type="jump" coverage="100%"/>
              </conditions>
            </line>
            <line number="156" branch="false" hits="5"/>
            <line number="157" branch="false" hits="5"/>
            <line number="160" branch="true" hits="5" condition-coverage="100% (1/1)">
              <conditions>
                <condition number="0" type="jump" coverage="100%"/>
              </conditions>
            </line>
            <line number="161" branch="false" hits="5"/>
            <line number="162" branch="false" hits="5"/>
            <line number="164" branch="true" hits="5" condition-coverage="50% (2/4)">
              <conditions>
                <condition number="0" type="jump" coverage="50%"/>
              </conditions>
            </line>
            <line number="165" branch="false" hits="0"/>
            <line number="166" branch="true" hits="0" condition-coverage="0% (0/6)">
              <conditions>
                <condition number="0" type="jump" coverage="0%"/>
              </conditions>
            </line>
            <line number="167" branch="true" hits="0" condition-coverage="100% (1/1)">
              <conditions>
                <condition number="0" type="jump" coverage="100%"/>
              </conditions>
            </line>
            <line number="169" branch="false" hits="5"/>
            <line number="170" branch="false" hits="5"/>
            <line number="172" branch="false" hits="5"/>
            <line number="173" branch="true" hits="5" condition-coverage="100% (1/1)">
              <conditions>
                <condition number="0" type="jump" coverage="100%"/>
              </conditions>
            </line>
            <line number="174" branch="false" hits="5"/>
            <line number="175" branch="true" hits="5" condition-coverage="100% (1/1)">
              <conditions>
                <condition number="0" type="jump" coverage="100%"/>
              </conditions>
            </line>
            <line number="176" branch="true" hits="5" condition-coverage="100% (3/3)">
              <conditions>
                <condition number="0" type="jump" coverage="100%"/>
              </conditions>
            </line>
            <line number="177" branch="false" hits="5"/>
            <line number="178" branch="true" hits="5" condition-coverage="0% (0/2)">
              <conditions>
                <condition number="0" type="jump" coverage="0%"/>
              </conditions>
            </line>
            <line number="179" branch="false" hits="0"/>
            <line number="180" branch="true" hits="0" condition-coverage="100% (1/1)">
              <conditions>
                <condition number="0" type="jump" coverage="100%"/>
              </conditions>
            </line>
            <line number="181" branch="true" hits="5" condition-coverage="100% (7/7)">
              <conditions>
                <condition number="0" type="jump" coverage="100%"/>
              </conditions>
            </line>
            <line number="182" branch="false" hits="5"/>
            <line number="183" branch="true" hits="5" condition-coverage="100% (1/1)">
              <conditions>
                <condition number="0" type="jump" coverage="100%"/>
              </conditions>
            </line>
            <line number="184" branch="true" hits="5" condition-coverage="50% (2/4)">
              <conditions>
                <condition number="0" type="jump" coverage="50%"/>
              </conditions>
            </line>
            <line number="185" branch="false" hits="0"/>
            <line number="186" branch="true" hits="0" condition-coverage="100% (1/1)">
              <conditions>
                <condition number="0" type="jump" coverage="100%"/>
              </conditions>
            </line>
            <line number="188" branch="true" hits="5" condition-coverage="100% (1/1)">
              <conditions>
                <condition number="0" type="jump" coverage="100%"/>
              </conditions>
            </line>
            <line number="189" branch="true" hits="5" condition-coverage="100% (3/3)">
              <conditions>
                <condition number="0" type="jump" coverage="100%"/>
              </conditions>
            </line>
            <line number="190" branch="false" hits="5"/>
            <line number="191" branch="true" hits="5" condition-coverage="100% (5/5)">
              <conditions>
                <condition number="0" type="jump" coverage="100%"/>
              </conditions>
            </line>
            <line number="192" branch="true" hits="5" condition-coverage="100% (1/1)">
              <conditions>
                <condition number="0" type="jump" coverage="100%"/>
              </conditions>
            </line>
            <line number="193" branch="true" hits="5" condition-coverage="100% (8/8)">
              <conditions>
                <condition number="0" type="jump" coverage="100%"/>
              </conditions>
            </line>
            <line number="194" branch="false" hits="4"/>
            <line number="195" branch="false" hits="4"/>
            <line number="196" branch="true" hits="4" condition-coverage="100% (2/2)">
              <conditions>
                <condition number="0" type="jump" coverage="100%"/>
              </conditions>
            </line>
            <line number="197" branch="false" hits="1"/>
            <line number="198" branch="false" hits="1"/>
            <line number="199" branch="false" hits="1"/>
            <line number="200" branch="true" hits="1" condition-coverage="100% (3/3)">
              <conditions>
                <condition number="0" type="jump" coverage="100%"/>
              </conditions>
            </line>
            <line number="201" branch="false" hits="1"/>
            <line number="202" branch="true" hits="1" condition-coverage="0% (0/2)">
              <conditions>
                <condition number="0" type="jump" coverage="0%"/>
              </conditions>
            </line>
            <line number="203" branch="false" hits="0"/>
            <line number="204" branch="false" hits="0"/>
            <line number="205" branch="false" hits="0"/>
            <line number="206" branch="true" hits="0" condition-coverage="100% (1/1)">
              <conditions>
                <condition number="0" type="jump" coverage="100%"/>
              </conditions>
            </line>
            <line number="207" branch="true" hits="1" condition-coverage="100% (1/1)">
              <conditions>
                <condition number="0" type="jump" coverage="100%"/>
              </conditions>
            </line>
            <line number="208" branch="false" hits="5"/>
            <line number="209" branch="true" hits="5" condition-coverage="0% (0/2)">
              <conditions>
                <condition number="0" type="jump" coverage="0%"/>
              </conditions>
            </line>
            <line number="210" branch="true" hits="0" condition-coverage="0% (0/1)">
              <conditions>
                <condition number="0" type="jump" coverage="0%"/>
              </conditions>
            </line>
            <line number="211" branch="false" hits="0"/>
            <line number="212" branch="true" hits="0" condition-coverage="0% (0/1)">
              <conditions>
                <condition number="0" type="jump" coverage="0%"/>
              </conditions>
            </line>
            <line number="213" branch="true" hits="0" condition-coverage="100% (1/1)">
              <conditions>
                <condition number="0" type="jump" coverage="100%"/>
              </conditions>
            </line>
            <line number="214" branch="false" hits="5"/>
            <line number="215" branch="false" hits="5"/>
            <line number="216" branch="false" hits="5"/>
            <line number="217" branch="false" hits="5"/>
          </lines>
        </class>
        <class name="SSOffersRequest.m" filename="ShippedSuite/Classes/SSOffersRequest.m" line-rate="1.0000000000000000" branch-rate="1.0000000000000000" complexity="0.0">
          <methods/>
          <lines>
            <line number="14" branch="true" hits="5" condition-coverage="100% (1/1)">
              <conditions>
                <condition number="0" type="jump" coverage="100%"/>
              </conditions>
            </line>
            <line number="15" branch="false" hits="5"/>
            <line number="16" branch="false" hits="5"/>
            <line number="19" branch="true" hits="10" condition-coverage="100% (1/1)">
              <conditions>
                <condition number="0" type="jump" coverage="100%"/>
              </conditions>
            </line>
            <line number="20" branch="false" hits="10"/>
            <line number="21" branch="false" hits="10"/>
            <line number="24" branch="true" hits="15" condition-coverage="100% (1/1)">
              <conditions>
                <condition number="0" type="jump" coverage="100%"/>
              </conditions>
            </line>
            <line number="25" branch="false" hits="15"/>
            <line number="26" branch="false" hits="15"/>
            <line number="29" branch="true" hits="14" condition-coverage="100% (1/1)">
              <conditions>
                <condition number="0" type="jump" coverage="100%"/>
              </conditions>
            </line>
            <line number="30" branch="false" hits="14"/>
            <line number="31" branch="false" hits="14"/>
          </lines>
        </class>
        <class name="SSOffersResponse.m" filename="ShippedSuite/Classes/SSOffersResponse.m" line-rate="1.0000000000000000" branch-rate="1.0000000000000000" complexity="0.0">
          <methods/>
          <lines>
            <line number="14" branch="true" hits="6" condition-coverage="100% (1/1)">
              <conditions>
                <condition number="0" type="jump" coverage="100%"/>
              </conditions>
            </line>
            <line number="15" branch="false" hits="6"/>
            <line number="16" branch="false" hits="6"/>
            <line number="17" branch="false" hits="6"/>
            <line number="18" branch="true" hits="6" condition-coverage="100% (5/5)">
              <conditions>
                <condition number="0" type="jump" coverage="100%"/>
              </conditions>
            </line>
            <line number="19" branch="false" hits="6"/>
            <line number="20" branch="true" hits="6" condition-coverage="100% (1/1)">
              <conditions>
                <condition number="0" type="jump" coverage="100%"/>
              </conditions>
            </line>
            <line number="21" branch="false" hits="6"/>
            <line number="22" branch="true" hits="6" condition-coverage="100% (5/5)">
              <conditions>
                <condition number="0" type="jump" coverage="100%"/>
              </conditions>
            </line>
            <line number="23" branch="false" hits="6"/>
            <line number="24" branch="true" hits="6" condition-coverage="100% (1/1)">
              <conditions>
                <condition number="0" type="jump" coverage="100%"/>
              </conditions>
            </line>
            <line number="25" branch="false" hits="6"/>
            <line number="26" branch="true" hits="6" condition-coverage="100% (6/6)">
              <conditions>
                <condition number="0" type="jump" coverage="100%"/>
              </conditions>
            </line>
            <line number="27" branch="false" hits="5"/>
            <line number="28" branch="true" hits="5" condition-coverage="100% (1/1)">
              <conditions>
                <condition number="0" type="jump" coverage="100%"/>
              </conditions>
            </line>
            <line number="29" branch="false" hits="6"/>
            <line number="30" branch="true" hits="6" condition-coverage="100% (5/5)">
              <conditions>
                <condition number="0" type="jump" coverage="100%"/>
              </conditions>
            </line>
            <line number="31" branch="false" hits="6"/>
            <line number="32" branch="true" hits="6" condition-coverage="100% (1/1)">
              <conditions>
                <condition number="0" type="jump" coverage="100%"/>
              </conditions>
            </line>
            <line number="33" branch="false" hits="6"/>
            <line number="34" branch="false" hits="6"/>
            <line number="37" branch="true" hits="6" condition-coverage="100% (1/1)">
              <conditions>
                <condition number="0" type="jump" coverage="100%"/>
              </conditions>
            </line>
            <line number="38" branch="false" hits="6"/>
            <line number="39" branch="false" hits="6"/>
            <line number="42" branch="true" hits="4" condition-coverage="100% (1/1)">
              <conditions>
                <condition number="0" type="jump" coverage="100%"/>
              </conditions>
            </line>
            <line number="43" branch="false" hits="4"/>
            <line number="44" branch="false" hits="4"/>
            <line number="57" branch="true" hits="4" condition-coverage="100% (1/1)">
              <conditions>
                <condition number="0" type="jump" coverage="100%"/>
              </conditions>
            </line>
            <line number="58" branch="false" hits="4"/>
            <line number="59" branch="false" hits="4"/>
            <line number="60" branch="false" hits="4"/>
            <line number="61" branch="false" hits="4"/>
            <line number="62" branch="false" hits="4"/>
            <line number="63" branch="false" hits="4"/>
          </lines>
        </class>
        <class name="SSUtils.m" filename="ShippedSuite/Classes/SSUtils.m" line-rate="1.0000000000000000" branch-rate="0.8571428571428571" complexity="0.0">
          <methods/>
          <lines>
            <line number="13" branch="true" hits="10" condition-coverage="100% (1/1)">
              <conditions>
                <condition number="0" type="jump" coverage="100%"/>
              </conditions>
            </line>
            <line number="14" branch="false" hits="10"/>
            <line number="15" branch="false" hits="10"/>
            <line number="22" branch="true" hits="53" condition-coverage="100% (1/1)">
              <conditions>
                <condition number="0" type="jump" coverage="100%"/>
              </conditions>
            </line>
            <line number="23" branch="false" hits="53"/>
            <line number="24" branch="false" hits="53"/>
            <line number="25" branch="false" hits="53"/>
            <line number="26" branch="false" hits="53"/>
            <line number="27" branch="true" hits="53" condition-coverage="71% (5/7)">
              <conditions>
                <condition number="0" type="jump" coverage="71%"/>
              </conditions>
            </line>
            <line number="28" branch="false" hits="53"/>
            <line number="29" branch="false" hits="53"/>
            <line number="36" branch="true" hits="1" condition-coverage="100% (1/1)">
              <conditions>
                <condition number="0" type="jump" coverage="100%"/>
              </conditions>
            </line>
            <line number="37" branch="false" hits="1"/>
            <line number="38" branch="true" hits="2" condition-coverage="100% (1/1)">
              <conditions>
                <condition number="0" type="jump" coverage="100%"/>
              </conditions>
            </line>
            <line number="39" branch="false" hits="2"/>
            <line number="40" branch="false" hits="2"/>
            <line number="41" branch="true" hits="2" condition-coverage="100% (1/1)">
              <conditions>
                <condition number="0" type="jump" coverage="100%"/>
              </conditions>
            </line>
            <line number="42" branch="false" hits="1"/>
            <line number="43" branch="false" hits="1"/>
            <line number="50" branch="true" hits="7" condition-coverage="100% (1/1)">
              <conditions>
                <condition number="0" type="jump" coverage="100%"/>
              </conditions>
            </line>
            <line number="51" branch="false" hits="7"/>
            <line number="52" branch="false" hits="7"/>
            <line number="53" branch="false" hits="7"/>
            <line number="54" branch="false" hits="7"/>
            <line number="61" branch="true" hits="3" condition-coverage="100% (1/1)">
              <conditions>
                <condition number="0" type="jump" coverage="100%"/>
              </conditions>
            </line>
            <line number="62" branch="false" hits="3"/>
            <line number="63" branch="false" hits="3"/>
            <line number="64" branch="false" hits="3"/>
          </lines>
        </class>
        <class name="SSWidgetView.m" filename="ShippedSuite/Classes/SSWidgetView.m" line-rate="0.7336683417085427" branch-rate="0.6476190476190476" complexity="0.0">
          <methods/>
          <lines>
            <line number="41" branch="true" hits="1" condition-coverage="100% (1/1)">
              <conditions>
                <condition number="0" type="jump" coverage="100%"/>
              </conditions>
            </line>
            <line number="42" branch="false" hits="1"/>
            <line number="43" branch="true" hits="1" condition-coverage="100% (3/3)">
              <conditions>
                <condition number="0" type="jump" coverage="100%"/>
              </conditions>
            </line>
            <line number="44" branch="false" hits="1"/>
            <line number="45" branch="false" hits="1"/>
            <line number="46" branch="true" hits="1" condition-coverage="100% (1/1)">
              <conditions>
                <condition number="0" type="jump" coverage="100%"/>
              </conditions>
            </line>
            <line number="47" branch="false" hits="1"/>
            <line number="48" branch="false" hits="1"/>
            <line number="51" branch="true" hits="2" condition-coverage="100% (1/1)">
              <conditions>
                <condition number="0" type="jump" coverage="100%"/>
              </conditions>
            </line>
            <line number="52" branch="true" hits="2" condition-coverage="100% (3/3)">
              <conditions>
                <condition number="0" type="jump" coverage="100%"/>
              </conditions>
            </line>
            <line number="53" branch="false" hits="2"/>
            <line number="54" branch="false" hits="2"/>
            <line number="55" branch="true" hits="2" condition-coverage="100% (1/1)">
              <conditions>
                <condition number="0" type="jump" coverage="100%"/>
              </conditions>
            </line>
            <line number="56" branch="false" hits="2"/>
            <line number="57" branch="false" hits="2"/>
            <line number="60" branch="true" hits="3" condition-coverage="100% (1/1)">
              <conditions>
                <condition number="0" type="jump" coverage="100%"/>
              </conditions>
            </line>
            <line number="61" branch="false" hits="3"/>
            <line number="62" branch="false" hits="3"/>
            <line number="63" branch="false" hits="3"/>
            <line number="64" branch="true" hits="3" condition-coverage="100% (3/3)">
              <conditions>
                <condition number="0" type="jump" coverage="100%"/>
              </conditions>
            </line>
            <line number="65" branch="false" hits="3"/>
            <line number="66" branch="true" hits="3" condition-coverage="100% (1/1)">
              <conditions>
                <condition number="0" type="jump" coverage="100%"/>
              </conditions>
            </line>
            <line number="67" branch="false" hits="3"/>
            <line number="68" branch="false" hits="3"/>
            <line number="69" branch="false" hits="3"/>
            <line number="71" branch="false" hits="3"/>
            <line number="72" branch="false" hits="3"/>
            <line number="73" branch="false" hits="3"/>
            <line number="75" branch="false" hits="3"/>
            <line number="76" branch="false" hits="3"/>
            <line number="77" branch="false" hits="3"/>
            <line number="78" branch="false" hits="3"/>
            <line number="79" branch="false" hits="3"/>
            <line number="81" branch="false" hits="3"/>
            <line number="83" branch="false" hits="3"/>
            <line number="84" branch="false" hits="3"/>
            <line number="85" branch="false" hits="3"/>
            <line number="86" branch="false" hits="3"/>
            <line number="87" branch="false" hits="3"/>
            <line number="88" branch="false" hits="3"/>
            <line number="89" branch="false" hits="3"/>
            <line number="91" branch="false" hits="3"/>
            <line number="92" branch="false" hits="3"/>
            <line number="93" branch="false" hits="3"/>
            <line number="94" branch="false" hits="3"/>
            <line number="95" branch="false" hits="3"/>
            <line number="96" branch="false" hits="3"/>
            <line number="98" branch="false" hits="3"/>
            <line number="99" branch="false" hits="3"/>
            <line number="100" branch="false" hits="3"/>
            <line number="101" branch="false" hits="3"/>
            <line number="102" branch="false" hits="3"/>
            <line number="104" branch="false" hits="3"/>
            <line number="105" branch="false" hits="3"/>
            <line number="108" branch="true" hits="3" condition-coverage="100% (1/1)">
              <conditions>
                <condition number="0" type="jump" coverage="100%"/>
              </conditions>
            </line>
            <line number="109" branch="false" hits="3"/>
            <line number="110" branch="false" hits="3"/>
            <line number="111" branch="false" hits="3"/>
            <line number="112" branch="false" hits="3"/>
            <line number="113" branch="false" hits="3"/>
            <line number="114" branch="false" hits="3"/>
            <line number="116" branch="false" hits="3"/>
            <line number="117" branch="false" hits="3"/>
            <line number="118" branch="false" hits="3"/>
            <line number="120" branch="false" hits="3"/>
            <line number="121" branch="false" hits="3"/>
            <line number="123" branch="false" hits="3"/>
            <line number="124" branch="false" hits="3"/>
            <line number="126" branch="false" hits="3"/>
            <line number="127" branch="false" hits="3"/>
            <line number="128" branch="false" hits="3"/>
            <line number="131" branch="true" hits="6" condition-coverage="100% (1/1)">
              <conditions>
                <condition number="0" type="jump" coverage="100%"/>
              </conditions>
            </line>
            <line number="132" branch="false" hits="6"/>
            <line number="133" branch="true" hits="6" condition-coverage="0% (0/1)">
              <conditions>
                <condition number="0" type="jump" coverage="0%"/>
              </conditions>
            </line>
            <line number="134" branch="true" hits="1" condition-coverage="100% (1/1)">
              <conditions>
                <condition number="0" type="jump" coverage="100%"/>
              </conditions>
            </line>
            <line number="135" branch="false" hits="1"/>
            <line number="136" branch="false" hits="1"/>
            <line number="137" branch="true" hits="1" condition-coverage="0% (0/1)">
              <conditions>
                <condition number="0" type="jump" coverage="0%"/>
              </conditions>
            </line>
            <line number="138" branch="true" hits="3" condition-coverage="100% (1/1)">
              <conditions>
                <condition number="0" type="jump" coverage="100%"/>
              </conditions>
            </line>
            <line number="139" branch="false" hits="3"/>
            <line number="140" branch="false" hits="3"/>
            <line number="141" branch="true" hits="3" condition-coverage="0% (0/1)">
              <conditions>
                <condition number="0" type="jump" coverage="0%"/>
              </conditions>
            </line>
            <line number="142" branch="true" hits="2" condition-coverage="100% (1/1)">
              <conditions>
                <condition number="0" type="jump" coverage="100%"/>
              </conditions>
            </line>
            <line number="143" branch="false" hits="2"/>
            <line number="144" branch="false" hits="2"/>
            <line number="145" branch="true" hits="2" condition-coverage="100% (1/1)">
              <conditions>
                <condition number="0" type="jump" coverage="100%"/>
              </conditions>
            </line>
            <line number="146" branch="false" hits="6"/>
            <line number="147" branch="false" hits="6"/>
            <line number="150" branch="true" hits="1" condition-coverage="100% (1/1)">
              <conditions>
                <condition number="0" type="jump" coverage="100%"/>
              </conditions>
            </line>
            <line number="151" branch="false" hits="1"/>
            <line number="152" branch="false" hits="1"/>
            <line number="153" branch="false" hits="1"/>
            <line number="154" branch="false" hits="1"/>
            <line number="157" branch="true" hits="2" condition-coverage="100% (1/1)">
              <conditions>
                <condition number="0" type="jump" coverage="100%"/>
              </conditions>
            </line>
            <line number="158" branch="false" hits="2"/>
            <line number="159" branch="true" hits="2" condition-coverage="100% (4/4)">
              <conditions>
                <condition number="0" type="jump" coverage="100%"/>
              </conditions>
            </line>
            <line number="160" branch="true" hits="2" condition-coverage="100% (4/4)">
              <conditions>
                <condition number="0" type="jump" coverage="100%"/>
              </conditions>
            </line>
            <line number="162" branch="true" hits="2" condition-coverage="66% (4/6)">
              <conditions>
                <condition number="0" type="jump" coverage="66%"/>
              </conditions>
            </line>
            <line number="163" branch="false" hits="0"/>
            <line number="164" branch="false" hits="0"/>
            <line number="165" branch="true" hits="2" condition-coverage="60% (6/10)">
              <conditions>
                <condition number="0" type="jump" coverage="60%"/>
              </conditions>
            </line>
            <line number="166" branch="false" hits="0"/>
            <line number="167" branch="false" hits="0"/>
            <line number="168" branch="true" hits="0" condition-coverage="100% (1/1)">
              <conditions>
                <condition number="0" type="jump" coverage="100%"/>
              </conditions>
            </line>
            <line number="170" branch="true" hits="2" condition-coverage="66% (4/6)">
              <conditions>
                <condition number="0" type="jump" coverage="66%"/>
              </conditions>
            </line>
            <line number="171" branch="false" hits="0"/>
            <line number="172" branch="false" hits="0"/>
            <line number="173" branch="true" hits="2" condition-coverage="60% (6/10)">
              <conditions>
                <condition number="0" type="jump" coverage="60%"/>
              </conditions>
            </line>
            <line number="174" branch="false" hits="0"/>
            <line number="175" branch="false" hits="0"/>
            <line number="176" branch="true" hits="0" condition-coverage="100% (1/1)">
              <conditions>
                <condition number="0" type="jump" coverage="100%"/>
              </conditions>
            </line>
            <line number="178" branch="true" hits="2" condition-coverage="75% (9/12)">
              <conditions>
                <condition number="0" type="jump" coverage="75%"/>
              </conditions>
            </line>
            <line number="179" branch="true" hits="0" condition-coverage="0% (0/5)">
              <conditions>
                <condition number="0" type="jump" coverage="0%"/>
              </conditions>
            </line>
            <line number="180" branch="false" hits="0"/>
            <line number="181" branch="false" hits="0"/>
            <line number="182" branch="false" hits="0"/>
            <line number="183" branch="true" hits="0" condition-coverage="0% (0/7)">
              <conditions>
                <condition number="0" type="jump" coverage="0%"/>
              </conditions>
            </line>
            <line number="184" branch="false" hits="0"/>
            <line number="185" branch="false" hits="0"/>
            <line number="186" branch="false" hits="0"/>
            <line number="187" branch="true" hits="0" condition-coverage="0% (0/1)">
              <conditions>
                <condition number="0" type="jump" coverage="0%"/>
              </conditions>
            </line>
            <line number="188" branch="true" hits="0" condition-coverage="100% (1/1)">
              <conditions>
                <condition number="0" type="jump" coverage="100%"/>
              </conditions>
            </line>
            <line number="190" branch="true" hits="2" condition-coverage="50% (2/4)">
              <conditions>
                <condition number="0" type="jump" coverage="50%"/>
              </conditions>
            </line>
            <line number="191" branch="true" hits="0" condition-coverage="0% (0/5)">
              <conditions>
                <condition number="0" type="jump" coverage="0%"/>
              </conditions>
            </line>
            <line number="192" branch="false" hits="0"/>
            <line number="193" branch="true" hits="0" condition-coverage="0% (0/7)">
              <conditions>
                <condition number="0" type="jump" coverage="0%"/>
              </conditions>
            </line>
            <line number="194" branch="false" hits="0"/>
            <line number="195" branch="true" hits="0" condition-coverage="0% (0/7)">
              <conditions>
                <condition number="0" type="jump" coverage="0%"/>
              </conditions>
            </line>
            <line number="196" branch="false" hits="0"/>
            <line number="197" branch="true" hits="0" condition-coverage="0% (0/2)">
              <conditions>
                <condition number="0" type="jump" coverage="0%"/>
              </conditions>
            </line>
            <line number="198" branch="false" hits="0"/>
            <line number="199" branch="true" hits="0" condition-coverage="0% (0/1)">
              <conditions>
                <condition number="0" type="jump" coverage="0%"/>
              </conditions>
            </line>
            <line number="200" branch="true" hits="0" condition-coverage="100% (1/1)">
              <conditions>
                <condition number="0" type="jump" coverage="100%"/>
              </conditions>
            </line>
            <line number="202" branch="false" hits="2"/>
            <line number="204" branch="true" hits="2" condition-coverage="0% (0/1)">
              <conditions>
                <condition number="0" type="jump" coverage="0%"/>
              </conditions>
            </line>
            <line number="205" branch="true" hits="0" condition-coverage="0% (0/1)">
              <conditions>
                <condition number="0" type="jump" coverage="0%"/>
              </conditions>
            </line>
            <line number="206" branch="true" hits="0" condition-coverage="0% (0/3)">
              <conditions>
                <condition number="0" type="jump" coverage="0%"/>
              </conditions>
            </line>
            <line number="207" branch="false" hits="0"/>
            <line number="208" branch="true" hits="0" condition-coverage="0% (0/1)">
              <conditions>
                <condition number="0" type="jump" coverage="0%"/>
              </conditions>
            </line>
            <line number="209" branch="false" hits="0"/>
            <line number="210" branch="true" hits="0" condition-coverage="0% (0/1)">
              <conditions>
                <condition number="0" type="jump" coverage="0%"/>
              </conditions>
            </line>
            <line number="211" branch="true" hits="0" condition-coverage="0% (0/3)">
              <conditions>
                <condition number="0" type="jump" coverage="0%"/>
              </conditions>
            </line>
            <line number="212" branch="false" hits="0"/>
            <line number="213" branch="true" hits="0" condition-coverage="0% (0/1)">
              <conditions>
                <condition number="0" type="jump" coverage="0%"/>
              </conditions>
            </line>
            <line number="214" branch="false" hits="0"/>
            <line number="215" branch="true" hits="2" condition-coverage="100% (1/1)">
              <conditions>
                <condition number="0" type="jump" coverage="100%"/>
              </conditions>
            </line>
            <line number="216" branch="true" hits="2" condition-coverage="100% (5/5)">
              <conditions>
                <condition number="0" type="jump" coverage="100%"/>
              </conditions>
            </line>
            <line number="217" branch="false" hits="2"/>
            <line number="218" branch="true" hits="2" condition-coverage="100% (1/1)">
              <conditions>
                <condition number="0" type="jump" coverage="100%"/>
              </conditions>
            </line>
            <line number="219" branch="false" hits="2"/>
            <line number="220" branch="false" hits="2"/>
            <line number="222" branch="true" hits="2" condition-coverage="100% (1/1)">
              <conditions>
                <condition number="0" type="jump" coverage="100%"/>
              </conditions>
            </line>
            <line number="223" branch="false" hits="2"/>
            <line number="224" branch="false" hits="2"/>
            <line number="225" branch="false" hits="2"/>
            <line number="228" branch="true" hits="2" condition-coverage="100% (1/1)">
              <conditions>
                <condition number="0" type="jump" coverage="100%"/>
              </conditions>
            </line>
            <line number="229" branch="false" hits="2"/>
            <line number="230" branch="true" hits="2" condition-coverage="100% (1/1)">
              <conditions>
                <condition number="0" type="jump" coverage="100%"/>
              </conditions>
            </line>
            <line number="231" branch="false" hits="2"/>
            <line number="232" branch="true" hits="2" condition-coverage="50% (2/4)">
              <conditions>
                <condition number="0" type="jump" coverage="50%"/>
              </conditions>
            </line>
            <line number="233" branch="false" hits="0"/>
            <line number="234" branch="false" hits="0"/>
            <line number="235" branch="false" hits="0"/>
            <line number="236" branch="false" hits="0"/>
            <line number="237" branch="false" hits="0"/>
            <line number="238" branch="true" hits="0" condition-coverage="100% (1/1)">
              <conditions>
                <condition number="0" type="jump" coverage="100%"/>
              </conditions>
            </line>
            <line number="240" branch="true" hits="2" condition-coverage="100% (1/1)">
              <conditions>
                <condition number="0" type="jump" coverage="100%"/>
              </conditions>
            </line>
            <line number="241" branch="true" hits="2" condition-coverage="100% (1/1)">
              <conditions>
                <condition number="0" type="jump" coverage="100%"/>
              </conditions>
            </line>
            <line number="242" branch="false" hits="2"/>
            <line number="245" branch="true" hits="3" condition-coverage="100% (1/1)">
              <conditions>
                <condition number="0" type="jump" coverage="100%"/>
              </conditions>
            </line>
            <line number="246" branch="true" hits="3" condition-coverage="100% (5/5)">
              <conditions>
                <condition number="0" type="jump" coverage="100%"/>
              </conditions>
            </line>
            <line number="247" branch="false" hits="3"/>
            <line number="248" branch="true" hits="3" condition-coverage="100% (8/8)">
              <conditions>
                <condition number="0" type="jump" coverage="100%"/>
              </conditions>
            </line>
            <line number="249" branch="false" hits="3"/>
            <line number="250" branch="true" hits="3" condition-coverage="100% (1/1)">
              <conditions>
                <condition number="0" type="jump" coverage="100%"/>
              </conditions>
            </line>
            <line number="251" branch="true" hits="3" condition-coverage="100% (8/8)">
              <conditions>
                <condition number="0" type="jump" coverage="100%"/>
              </conditions>
            </line>
            <line number="252" branch="false" hits="3"/>
            <line number="253" branch="true" hits="3" condition-coverage="100% (1/1)">
              <conditions>
                <condition number="0" type="jump" coverage="100%"/>
              </conditions>
            </line>
            <line number="254" branch="true" hits="3" condition-coverage="50% (2/4)">
              <conditions>
                <condition number="0" type="jump" coverage="50%"/>
              </conditions>
            </line>
            <line number="255" branch="false" hits="0"/>
            <line number="256" branch="true" hits="0" condition-coverage="100% (1/1)">
              <conditions>
                <condition number="0" type="jump" coverage="100%"/>
              </conditions>
            </line>
            <line number="257" branch="false" hits="3"/>
            <line number="258" branch="false" hits="3"/>
            <line number="259" branch="false" hits="3"/>
            <line number="262" branch="true" hits="1" condition-coverage="100% (1/1)">
              <conditions>
                <condition number="0" type="jump" coverage="100%"/>
              </conditions>
            </line>
            <line number="263" branch="false" hits="1"/>
            <line number="264" branch="false" hits="1"/>
            <line number="265" branch="true" hits="1" condition-coverage="50% (2/4)">
              <conditions>
                <condition number="0" type="jump" coverage="50%"/>
              </conditions>
            </line>
            <line number="266" branch="false" hits="0"/>
            <line number="267" branch="false" hits="0"/>
            <line number="268" branch="true" hits="0" condition-coverage="100% (1/1)">
              <conditions>
                <condition number="0" type="jump" coverage="100%"/>
              </conditions>
            </line>
            <line number="270" branch="false" hits="1"/>
            <line number="271" branch="true" hits="1" condition-coverage="100% (3/3)">
              <conditions>
                <condition number="0" type="jump" coverage="100%"/>
              </conditions>
            </line>
            <line number="272" branch="false" hits="1"/>
            <line number="273" branch="false" hits="1"/>
            <line number="274" branch="true" hits="1" condition-coverage="0% (0/2)">
              <conditions>
                <condition number="0" type="jump" coverage="0%"/>
              </conditions>
            </line>
            <line number="275" branch="false" hits="0"/>
            <line number="276" branch="true" hits="0" condition-coverage="100% (1/1)">
              <conditions>
                <condition number="0" type="jump" coverage="100%"/>
              </conditions>
            </line>
            <line number="277" branch="false" hits="1"/>
          </lines>
        </class>
        <class name="ShippedSuite+API.m" filename="ShippedSuite/Classes/ShippedSuite+API.m" line-rate="1.0000000000000000" branch-rate="1.0000000000000000" complexity="0.0">
          <methods/>
          <lines>
            <line number="16" branch="true" hits="5" condition-coverage="100% (1/1)">
              <conditions>
                <condition number="0" type="jump" coverage="100%"/>
              </conditions>
            </line>
            <line number="17" branch="false" hits="5"/>
            <line number="18" branch="false" hits="5"/>
            <line number="19" branch="true" hits="5" condition-coverage="100% (1/1)">
              <conditions>
                <condition number="0" type="jump" coverage="100%"/>
              </conditions>
            </line>
            <line number="20" branch="true" hits="5" condition-coverage="100% (8/8)">
              <conditions>
                <condition number="0" type="jump" coverage="100%"/>
              </conditions>
            </line>
            <line number="21" branch="false" hits="4"/>
            <line number="22" branch="false" hits="4"/>
            <line number="23" branch="true" hits="4" condition-coverage="100% (2/2)">
              <conditions>
                <condition number="0" type="jump" coverage="100%"/>
              </conditions>
            </line>
            <line number="24" branch="false" hits="1"/>
            <line number="25" branch="true" hits="1" condition-coverage="100% (1/1)">
              <conditions>
                <condition number="0" type="jump" coverage="100%"/>
              </conditions>
            </line>
            <line number="26" branch="false" hits="5"/>
            <line number="27" branch="false" hits="5"/>
          </lines>
        </class>
      </classes>
    </package>
  </packages>
</coverage>
